[2020-11-16 01:52:01.930] [renderer1] [error] An unknown error occurred. Please consult the log for more details.
[2020-11-16 01:54:36.335] [renderer1] [error] An unknown error occurred. Please consult the log for more details.
[2020-11-16 02:32:46.799] [renderer1] [error] An unknown error occurred. Please consult the log for more details.
[2020-11-16 02:33:29.144] [renderer1] [error] An unknown error occurred. Please consult the log for more details.
[2020-11-16 03:48:53.617] [renderer1] [error] An unknown error occurred. Please consult the log for more details.
[2020-11-16 03:55:43.070] [renderer1] [error] An unknown error occurred. Please consult the log for more details.
[2020-11-16 03:55:49.461] [renderer1] [error] An unknown error occurred. Please consult the log for more details.
[2020-11-16 03:55:53.639] [renderer1] [error] An unknown error occurred. Please consult the log for more details.
[2020-11-16 03:55:56.558] [renderer1] [error] An unknown error occurred. Please consult the log for more details.
[2020-11-16 03:56:01.311] [renderer1] [error] An unknown error occurred. Please consult the log for more details.
[2020-11-16 22:52:38.431] [renderer1] [error] An unknown error occurred. Please consult the log for more details.
[2020-11-16 22:53:35.936] [renderer1] [error] An unknown error occurred. Please consult the log for more details.
[2020-11-16 22:53:49.207] [renderer1] [error] An unknown error occurred. Please consult the log for more details.
[2020-11-16 22:54:24.849] [renderer1] [error] An unknown error occurred. Please consult the log for more details.
[2020-11-16 22:54:27.003] [renderer1] [error] An unknown error occurred. Please consult the log for more details.
[2020-11-16 22:54:31.424] [renderer1] [error] An unknown error occurred. Please consult the log for more details.
[2020-11-16 22:54:36.711] [renderer1] [error] An unknown error occurred. Please consult the log for more details.
[2020-11-16 22:59:35.225] [renderer1] [error] An unknown error occurred. Please consult the log for more details.
[2020-11-16 22:59:47.640] [renderer1] [error] An unknown error occurred. Please consult the log for more details.
[2020-11-16 22:59:59.796] [renderer1] [error] An unknown error occurred. Please consult the log for more details.
[2020-11-16 23:00:04.505] [renderer1] [error] An unknown error occurred. Please consult the log for more details.
[2020-11-16 23:00:39.532] [renderer1] [error] An unknown error occurred. Please consult the log for more details.
[2020-11-16 23:00:45.182] [renderer1] [error] An unknown error occurred. Please consult the log for more details.
[2020-11-16 23:00:53.954] [renderer1] [error] An unknown error occurred. Please consult the log for more details.
[2020-11-16 23:01:34.956] [renderer1] [error] An unknown error occurred. Please consult the log for more details.
[2020-11-16 23:01:52.379] [renderer1] [error] An unknown error occurred. Please consult the log for more details.
[2020-11-16 23:02:27.195] [renderer1] [error] An unknown error occurred. Please consult the log for more details.
[2020-11-16 23:02:31.874] [renderer1] [error] An unknown error occurred. Please consult the log for more details.
[2020-11-16 23:02:38.438] [renderer1] [error] An unknown error occurred. Please consult the log for more details.
[2020-11-16 23:02:42.670] [renderer1] [error] An unknown error occurred. Please consult the log for more details.
[2020-11-16 23:03:54.956] [renderer1] [error] An unknown error occurred. Please consult the log for more details.
[2020-11-16 23:03:59.910] [renderer1] [error] An unknown error occurred. Please consult the log for more details.
[2020-11-16 23:04:04.712] [renderer1] [error] An unknown error occurred. Please consult the log for more details.
[2020-11-16 23:04:30.044] [renderer1] [error] An unknown error occurred. Please consult the log for more details.
[2020-11-16 23:05:30.138] [renderer1] [error] An unknown error occurred. Please consult the log for more details.
[2020-11-16 23:05:37.163] [renderer1] [error] An unknown error occurred. Please consult the log for more details.
[2020-11-16 23:05:41.483] [renderer1] [error] An unknown error occurred. Please consult the log for more details.
[2020-11-16 23:05:45.967] [renderer1] [error] An unknown error occurred. Please consult the log for more details.
[2020-11-16 23:06:27.246] [renderer1] [error] An unknown error occurred. Please consult the log for more details.
[2020-11-16 23:06:33.979] [renderer1] [error] An unknown error occurred. Please consult the log for more details.
[2020-11-16 23:06:42.457] [renderer1] [error] An unknown error occurred. Please consult the log for more details.
[2020-11-16 23:06:56.795] [renderer1] [error] An unknown error occurred. Please consult the log for more details.
[2020-11-16 23:07:12.472] [renderer1] [error] An unknown error occurred. Please consult the log for more details.
[2020-11-16 23:07:27.954] [renderer1] [error] An unknown error occurred. Please consult the log for more details.
[2020-11-16 23:07:56.152] [renderer1] [error] An unknown error occurred. Please consult the log for more details.
[2020-11-16 23:10:14.197] [renderer1] [error] An unknown error occurred. Please consult the log for more details.
[2020-11-16 23:10:19.866] [renderer1] [error] An unknown error occurred. Please consult the log for more details.
[2020-11-16 23:10:24.279] [renderer1] [error] An unknown error occurred. Please consult the log for more details.
[2020-11-16 23:10:33.507] [renderer1] [error] An unknown error occurred. Please consult the log for more details.
[2020-11-16 23:10:58.791] [renderer1] [error] An unknown error occurred. Please consult the log for more details.
[2020-11-16 23:11:14.092] [renderer1] [error] An unknown error occurred. Please consult the log for more details.
[2020-11-16 23:11:38.786] [renderer1] [error] An unknown error occurred. Please consult the log for more details.
[2020-11-16 23:13:34.100] [renderer1] [error] An unknown error occurred. Please consult the log for more details.
[2020-11-16 23:15:37.995] [renderer1] [error] An unknown error occurred. Please consult the log for more details.
[2020-11-16 23:15:52.435] [renderer1] [error] An unknown error occurred. Please consult the log for more details.
[2020-11-16 23:19:35.168] [renderer1] [error] An unknown error occurred. Please consult the log for more details.
[2020-11-16 23:20:01.550] [renderer1] [error] An unknown error occurred. Please consult the log for more details.
[2020-11-16 23:20:12.257] [renderer1] [error] An unknown error occurred. Please consult the log for more details.
[2020-11-16 23:20:17.820] [renderer1] [error] An unknown error occurred. Please consult the log for more details.
[2020-11-16 23:20:23.141] [renderer1] [error] An unknown error occurred. Please consult the log for more details.
[2020-11-16 23:24:34.388] [renderer1] [error] An unknown error occurred. Please consult the log for more details.
[2020-11-16 23:31:45.597] [renderer1] [error] An unknown error occurred. Please consult the log for more details.
[2020-11-16 23:31:48.740] [renderer1] [error] An unknown error occurred. Please consult the log for more details.
[2020-11-16 23:31:56.427] [renderer1] [error] An unknown error occurred. Please consult the log for more details.
[2020-11-16 23:33:10.443] [renderer1] [error] An unknown error occurred. Please consult the log for more details.
[2020-11-16 23:33:24.102] [renderer1] [error] An unknown error occurred. Please consult the log for more details.
[2020-11-16 23:33:27.443] [renderer1] [error] An unknown error occurred. Please consult the log for more details.
[2020-11-16 23:33:32.430] [renderer1] [error] An unknown error occurred. Please consult the log for more details.
[2020-11-16 23:33:38.295] [renderer1] [error] An unknown error occurred. Please consult the log for more details.
[2020-11-16 23:33:51.596] [renderer1] [error] An unknown error occurred. Please consult the log for more details.
[2020-11-16 23:34:05.675] [renderer1] [error] An unknown error occurred. Please consult the log for more details.
[2020-11-16 23:36:08.437] [renderer1] [error] An unknown error occurred. Please consult the log for more details.
[2020-11-16 23:36:20.793] [renderer1] [error] An unknown error occurred. Please consult the log for more details.
[2020-11-16 23:36:32.481] [renderer1] [error] An unknown error occurred. Please consult the log for more details.
[2020-11-16 23:36:52.274] [renderer1] [error] An unknown error occurred. Please consult the log for more details.
[2020-11-16 23:37:02.942] [renderer1] [error] An unknown error occurred. Please consult the log for more details.
[2020-11-16 23:38:33.538] [renderer1] [error] An unknown error occurred. Please consult the log for more details.
[2020-11-16 23:46:28.243] [renderer1] [error] An unknown error occurred. Please consult the log for more details.
[2020-11-16 23:46:32.475] [renderer1] [error] An unknown error occurred. Please consult the log for more details.
[2020-11-16 23:46:44.656] [renderer1] [error] An unknown error occurred. Please consult the log for more details.
[2020-11-16 23:46:55.311] [renderer1] [error] An unknown error occurred. Please consult the log for more details.
[2020-11-16 23:47:20.560] [renderer1] [error] An unknown error occurred. Please consult the log for more details.
[2020-11-16 23:47:51.788] [renderer1] [error] An unknown error occurred. Please consult the log for more details.
[2020-11-16 23:48:22.814] [renderer1] [error] An unknown error occurred. Please consult the log for more details.
[2020-11-16 23:49:18.738] [renderer1] [error] An unknown error occurred. Please consult the log for more details.
[2020-11-16 23:55:45.260] [renderer1] [error] An unknown error occurred. Please consult the log for more details.
[2020-11-16 23:55:58.489] [renderer1] [error] An unknown error occurred. Please consult the log for more details.
[2020-11-16 23:56:31.379] [renderer1] [error] An unknown error occurred. Please consult the log for more details.
[2020-11-16 23:56:41.204] [renderer1] [error] An unknown error occurred. Please consult the log for more details.
[2020-11-16 23:57:16.287] [renderer1] [error] An unknown error occurred. Please consult the log for more details.
[2020-11-16 23:58:48.392] [renderer1] [error] An unknown error occurred. Please consult the log for more details.
[2020-11-16 23:59:26.029] [renderer1] [error] An unknown error occurred. Please consult the log for more details.
[2020-11-17 00:00:50.157] [renderer1] [error] An unknown error occurred. Please consult the log for more details.
[2020-11-17 00:03:49.450] [renderer1] [error] An unknown error occurred. Please consult the log for more details.
[2020-11-17 00:05:58.694] [renderer1] [error] An unknown error occurred. Please consult the log for more details.
[2020-11-17 00:06:06.605] [renderer1] [error] An unknown error occurred. Please consult the log for more details.
[2020-11-17 00:32:08.917] [renderer1] [error] An unknown error occurred. Please consult the log for more details.
[2020-11-17 00:32:16.292] [renderer1] [error] An unknown error occurred. Please consult the log for more details.
[2020-11-17 00:32:24.944] [renderer1] [error] An unknown error occurred. Please consult the log for more details.
[2020-11-17 00:32:34.038] [renderer1] [error] An unknown error occurred. Please consult the log for more details.
[2020-11-17 00:33:05.483] [renderer1] [error] An unknown error occurred. Please consult the log for more details.
[2020-11-17 00:34:09.734] [renderer1] [error] An unknown error occurred. Please consult the log for more details.
[2020-11-17 00:34:28.843] [renderer1] [error] An unknown error occurred. Please consult the log for more details.
[2020-11-17 00:34:33.155] [renderer1] [error] An unknown error occurred. Please consult the log for more details.
[2020-11-17 00:34:53.753] [renderer1] [error] An unknown error occurred. Please consult the log for more details.
[2020-11-17 00:35:20.299] [renderer1] [error] An unknown error occurred. Please consult the log for more details.
[2020-11-17 00:35:51.257] [renderer1] [error] Unable to step next. Operation failed with error code 0x80004004.: Error: Unable to step next. Operation failed with error code 0x80004004.
    at t.RawDebugSession.handleErrorResponse (file:///usr/share/code/resources/app/out/vs/workbench/workbench.desktop.main.js:3339:734)
    at file:///usr/share/code/resources/app/out/vs/workbench/workbench.desktop.main.js:3339:39
    at async t.RawDebugSession.next (file:///usr/share/code/resources/app/out/vs/workbench/workbench.desktop.main.js:3333:9)
    at async N.next (file:///usr/share/code/resources/app/out/vs/workbench/workbench.desktop.main.js:6204:590)
    at async x (file:///usr/share/code/resources/app/out/vs/workbench/workbench.desktop.main.js:7101:561)
[2020-11-17 00:36:22.491] [renderer1] [error] An unknown error occurred. Please consult the log for more details.
[2020-11-17 00:36:36.090] [renderer1] [error] An unknown error occurred. Please consult the log for more details.
[2020-11-17 00:36:43.741] [renderer1] [error] An unknown error occurred. Please consult the log for more details.
[2020-11-17 00:36:52.229] [renderer1] [error] An unknown error occurred. Please consult the log for more details.
[2020-11-17 00:36:56.890] [renderer1] [error] An unknown error occurred. Please consult the log for more details.
[2020-11-17 00:37:25.666] [renderer1] [error] An unknown error occurred. Please consult the log for more details.
[2020-11-17 00:39:13.351] [renderer1] [error] An unknown error occurred. Please consult the log for more details.
[2020-11-17 00:39:40.221] [renderer1] [error] An unknown error occurred. Please consult the log for more details.
[2020-11-17 00:40:20.959] [renderer1] [error] An unknown error occurred. Please consult the log for more details.
[2020-11-17 00:40:25.162] [renderer1] [error] An unknown error occurred. Please consult the log for more details.
[2020-11-17 00:40:44.245] [renderer1] [error] An unknown error occurred. Please consult the log for more details.
[2020-11-17 00:40:56.940] [renderer1] [error] An unknown error occurred. Please consult the log for more details.
[2020-11-17 00:41:07.446] [renderer1] [error] An unknown error occurred. Please consult the log for more details.
[2020-11-17 00:48:19.137] [renderer1] [error] An unknown error occurred. Please consult the log for more details.
[2020-11-17 00:49:39.208] [renderer1] [error] An unknown error occurred. Please consult the log for more details.
[2020-11-17 00:50:03.405] [renderer1] [error] An unknown error occurred. Please consult the log for more details.
[2020-11-17 00:50:06.198] [renderer1] [error] An unknown error occurred. Please consult the log for more details.
[2020-11-17 00:50:11.545] [renderer1] [error] An unknown error occurred. Please consult the log for more details.
[2020-11-17 00:53:19.205] [renderer1] [error] An unknown error occurred. Please consult the log for more details.
[2020-11-17 00:53:21.146] [renderer1] [error] An unknown error occurred. Please consult the log for more details.
[2020-11-17 00:53:27.295] [renderer1] [error] An unknown error occurred. Please consult the log for more details.
[2020-11-17 00:53:32.229] [renderer1] [error] An unknown error occurred. Please consult the log for more details.
[2020-11-17 00:53:44.089] [renderer1] [error] An unknown error occurred. Please consult the log for more details.
[2020-11-17 02:46:22.394] [renderer1] [error] An unknown error occurred. Please consult the log for more details.
[2020-11-17 02:46:36.399] [renderer1] [error] An unknown error occurred. Please consult the log for more details.
[2020-11-17 03:11:42.118] [renderer1] [error] An unknown error occurred. Please consult the log for more details.
[2020-11-17 03:12:07.079] [renderer1] [error] An unknown error occurred. Please consult the log for more details.
[2020-11-17 03:12:57.124] [renderer1] [error] An unknown error occurred. Please consult the log for more details.
[2020-11-17 03:15:56.692] [renderer1] [error] An unknown error occurred. Please consult the log for more details.
[2020-11-17 03:16:21.607] [renderer1] [warning] {}
[2020-11-17 03:16:42.093] [renderer1] [warning] {}
[2020-11-17 03:16:50.612] [renderer1] [error] An unknown error occurred. Please consult the log for more details.
[2020-11-17 03:17:37.440] [renderer1] [error] An unknown error occurred. Please consult the log for more details.
[2020-11-17 03:19:05.941] [renderer1] [warning] {}
[2020-11-17 03:19:11.046] [renderer1] [error] An unknown error occurred. Please consult the log for more details.
[2020-11-17 03:19:59.690] [renderer1] [warning] {}
[2020-11-17 03:20:09.723] [renderer1] [error] An unknown error occurred. Please consult the log for more details.
[2020-11-17 03:21:27.575] [renderer1] [error] An unknown error occurred. Please consult the log for more details.
[2020-11-17 06:58:56.008] [renderer1] [error] An unknown error occurred. Please consult the log for more details.
[2020-11-17 06:59:24.523] [renderer1] [error] An unknown error occurred. Please consult the log for more details.
[2020-11-17 07:01:06.405] [renderer1] [error] An unknown error occurred. Please consult the log for more details.
[2020-11-17 07:01:44.538] [renderer1] [error] An unknown error occurred. Please consult the log for more details.
[2020-11-17 07:03:30.789] [renderer1] [error] An unknown error occurred. Please consult the log for more details.
[2020-11-17 07:05:23.053] [renderer1] [error] An unknown error occurred. Please consult the log for more details.
[2020-11-17 07:06:46.440] [renderer1] [error] An unknown error occurred. Please consult the log for more details.
[2020-11-17 07:12:20.439] [renderer1] [error] An unknown error occurred. Please consult the log for more details.
[2020-11-17 07:13:56.683] [renderer1] [error] An unknown error occurred. Please consult the log for more details.
[2020-11-17 07:14:24.993] [renderer1] [error] An unknown error occurred. Please consult the log for more details.
[2020-11-17 07:15:37.611] [renderer1] [error] An unknown error occurred. Please consult the log for more details.
[2020-11-17 07:16:30.085] [renderer1] [error] An unknown error occurred. Please consult the log for more details.
[2020-11-17 07:17:14.694] [renderer1] [error] An unknown error occurred. Please consult the log for more details.
[2020-11-17 07:18:16.419] [renderer1] [error] An unknown error occurred. Please consult the log for more details.
[2020-11-17 07:18:38.456] [renderer1] [error] An unknown error occurred. Please consult the log for more details.
[2020-11-17 07:19:01.368] [renderer1] [error] An unknown error occurred. Please consult the log for more details.
[2020-11-17 07:19:18.025] [renderer1] [error] An unknown error occurred. Please consult the log for more details.
[2020-11-17 07:19:40.748] [renderer1] [error] An unknown error occurred. Please consult the log for more details.
[2020-11-17 07:20:35.477] [renderer1] [error] An unknown error occurred. Please consult the log for more details.
[2020-11-17 07:21:27.611] [renderer1] [error] An unknown error occurred. Please consult the log for more details.
[2020-11-17 07:21:41.586] [renderer1] [error] An unknown error occurred. Please consult the log for more details.
[2020-11-17 07:22:22.083] [renderer1] [error] An unknown error occurred. Please consult the log for more details.
[2020-11-17 07:22:58.381] [renderer1] [error] An unknown error occurred. Please consult the log for more details.
[2020-11-17 07:23:43.641] [renderer1] [error] An unknown error occurred. Please consult the log for more details.
[2020-11-17 07:25:17.804] [renderer1] [error] An unknown error occurred. Please consult the log for more details.
[2020-11-17 07:26:39.069] [renderer1] [error] An unknown error occurred. Please consult the log for more details.
[2020-11-17 07:27:15.707] [renderer1] [warning] {}
[2020-11-17 08:07:38.395] [renderer1] [error] An unknown error occurred. Please consult the log for more details.
[2020-11-17 08:07:48.246] [renderer1] [error] An unknown error occurred. Please consult the log for more details.
[2020-11-17 08:07:52.088] [renderer1] [error] An unknown error occurred. Please consult the log for more details.
[2020-11-17 08:08:00.383] [renderer1] [error] An unknown error occurred. Please consult the log for more details.
[2020-11-17 08:08:02.709] [renderer1] [error] An unknown error occurred. Please consult the log for more details.
[2020-11-17 08:09:25.373] [renderer1] [error] An unknown error occurred. Please consult the log for more details.
[2020-11-17 08:09:29.764] [renderer1] [error] An unknown error occurred. Please consult the log for more details.
[2020-11-17 08:09:39.632] [renderer1] [error] An unknown error occurred. Please consult the log for more details.
[2020-11-17 08:09:55.458] [renderer1] [error] An unknown error occurred. Please consult the log for more details.
[2020-11-17 08:10:02.080] [renderer1] [error] An unknown error occurred. Please consult the log for more details.
[2020-11-17 08:10:08.445] [renderer1] [error] An unknown error occurred. Please consult the log for more details.
[2020-11-17 08:10:53.412] [renderer1] [error] An unknown error occurred. Please consult the log for more details.
[2020-11-17 08:10:58.451] [renderer1] [error] An unknown error occurred. Please consult the log for more details.
[2020-11-17 08:11:05.789] [renderer1] [error] An unknown error occurred. Please consult the log for more details.
[2020-11-17 08:11:19.178] [renderer1] [error] An unknown error occurred. Please consult the log for more details.
[2020-11-17 08:11:56.509] [renderer1] [error] An unknown error occurred. Please consult the log for more details.
[2020-11-17 08:14:58.441] [renderer1] [error] An unknown error occurred. Please consult the log for more details.
[2020-11-17 08:15:07.490] [renderer1] [error] An unknown error occurred. Please consult the log for more details.
[2020-11-17 08:15:10.624] [renderer1] [error] An unknown error occurred. Please consult the log for more details.
[2020-11-17 08:15:19.543] [renderer1] [error] An unknown error occurred. Please consult the log for more details.
[2020-11-17 08:15:29.601] [renderer1] [error] An unknown error occurred. Please consult the log for more details.
[2020-11-17 08:15:33.645] [renderer1] [error] An unknown error occurred. Please consult the log for more details.
[2020-11-17 08:15:47.187] [renderer1] [error] An unknown error occurred. Please consult the log for more details.
[2020-11-17 08:15:47.896] [renderer1] [warning] {}
[2020-11-17 08:20:01.178] [renderer1] [error] An unknown error occurred. Please consult the log for more details.
[2020-11-17 08:20:26.444] [renderer1] [error] An unknown error occurred. Please consult the log for more details.
[2020-11-17 08:20:40.982] [renderer1] [error] An unknown error occurred. Please consult the log for more details.
[2020-11-17 08:20:55.258] [renderer1] [error] An unknown error occurred. Please consult the log for more details.
[2020-11-17 08:21:14.539] [renderer1] [error] An unknown error occurred. Please consult the log for more details.
[2020-11-17 08:22:02.985] [renderer1] [error] An unknown error occurred. Please consult the log for more details.
[2020-11-17 08:22:27.141] [renderer1] [error] An unknown error occurred. Please consult the log for more details.
[2020-11-17 08:22:48.836] [renderer1] [error] An unknown error occurred. Please consult the log for more details.
[2020-11-17 08:23:31.256] [renderer1] [error] An unknown error occurred. Please consult the log for more details.
[2020-11-17 08:24:06.550] [renderer1] [error] An unknown error occurred. Please consult the log for more details.
[2020-11-17 08:24:43.697] [renderer1] [warning] {}
[2020-11-17 08:48:53.959] [renderer1] [error] An unknown error occurred. Please consult the log for more details.
[2020-11-17 08:48:59.762] [renderer1] [error] An unknown error occurred. Please consult the log for more details.
[2020-11-17 08:49:16.283] [renderer1] [error] An unknown error occurred. Please consult the log for more details.
[2020-11-17 08:49:31.114] [renderer1] [error] An unknown error occurred. Please consult the log for more details.
[2020-11-17 08:49:42.008] [renderer1] [error] An unknown error occurred. Please consult the log for more details.
[2020-11-17 08:49:46.499] [renderer1] [error] An unknown error occurred. Please consult the log for more details.
[2020-11-17 08:49:48.121] [renderer1] [error] An unknown error occurred. Please consult the log for more details.
[2020-11-17 08:50:30.299] [renderer1] [error] An unknown error occurred. Please consult the log for more details.
[2020-11-17 08:50:45.934] [renderer1] [warning] {}
[2020-11-17 09:10:48.878] [renderer1] [error] An unknown error occurred. Please consult the log for more details.
[2020-11-17 09:10:56.690] [renderer1] [error] An unknown error occurred. Please consult the log for more details.
[2020-11-17 09:11:05.917] [renderer1] [error] An unknown error occurred. Please consult the log for more details.
[2020-11-17 09:11:15.867] [renderer1] [error] An unknown error occurred. Please consult the log for more details.
[2020-11-17 09:12:00.102] [renderer1] [error] An unknown error occurred. Please consult the log for more details.
[2020-11-17 09:13:02.607] [renderer1] [warning] {}
[2020-11-17 09:31:04.726] [renderer1] [error] An unknown error occurred. Please consult the log for more details.
[2020-11-17 09:31:17.654] [renderer1] [error] An unknown error occurred. Please consult the log for more details.
[2020-11-17 09:33:21.064] [renderer1] [error] An unknown error occurred. Please consult the log for more details.
[2020-11-17 09:36:30.459] [renderer1] [error] An unknown error occurred. Please consult the log for more details.
[2020-11-17 09:39:19.481] [renderer1] [error] An unknown error occurred. Please consult the log for more details.
[2020-11-17 09:39:23.848] [renderer1] [error] An unknown error occurred. Please consult the log for more details.
[2020-11-17 09:39:27.708] [renderer1] [warning] {}
[2020-11-17 09:40:06.051] [renderer1] [warning] {}
[2020-11-17 09:40:13.286] [renderer1] [error] An unknown error occurred. Please consult the log for more details.
[2020-11-17 09:40:31.146] [renderer1] [error] An unknown error occurred. Please consult the log for more details.
[2020-11-17 09:40:35.108] [renderer1] [warning] {}
[2020-11-17 09:40:38.597] [renderer1] [error] An unknown error occurred. Please consult the log for more details.
[2020-11-17 09:42:56.143] [renderer1] [error] An unknown error occurred. Please consult the log for more details.
[2020-11-17 09:43:02.228] [renderer1] [error] An unknown error occurred. Please consult the log for more details.
[2020-11-17 09:43:03.722] [renderer1] [error] An unknown error occurred. Please consult the log for more details.
[2020-11-17 09:43:09.605] [renderer1] [error] An unknown error occurred. Please consult the log for more details.
[2020-11-17 09:43:19.371] [renderer1] [error] An unknown error occurred. Please consult the log for more details.
[2020-11-17 09:43:20.448] [renderer1] [warning] {}
[2020-11-17 09:44:10.001] [renderer1] [warning] {}
[2020-11-17 09:44:10.250] [renderer1] [error] An unknown error occurred. Please consult the log for more details.
[2020-11-17 09:45:07.465] [renderer1] [error] An unknown error occurred. Please consult the log for more details.
[2020-11-17 09:46:17.891] [renderer1] [error] An unknown error occurred. Please consult the log for more details.
[2020-11-17 09:46:30.359] [renderer1] [error] An unknown error occurred. Please consult the log for more details.
[2020-11-17 09:46:30.940] [renderer1] [warning] {}
[2020-11-17 09:47:26.356] [renderer1] [error] An unknown error occurred. Please consult the log for more details.
[2020-11-17 09:47:28.678] [renderer1] [warning] {}
[2020-11-17 09:47:41.266] [renderer1] [warning] {}
[2020-11-17 10:36:40.869] [renderer1] [error] An unknown error occurred. Please consult the log for more details.
[2020-11-17 10:36:52.598] [renderer1] [error] An unknown error occurred. Please consult the log for more details.
[2020-11-17 10:37:25.198] [renderer1] [error] An unknown error occurred. Please consult the log for more details.
[2020-11-17 10:38:21.424] [renderer1] [error] An unknown error occurred. Please consult the log for more details.
[2020-11-17 10:38:40.206] [renderer1] [error] An unknown error occurred. Please consult the log for more details.
[2020-11-17 10:39:08.407] [renderer1] [warning] {}
[2020-11-17 11:14:45.817] [renderer1] [warning] {}
[2020-11-17 11:31:24.780] [renderer1] [error] An unknown error occurred. Please consult the log for more details.
[2020-11-17 11:31:30.276] [renderer1] [error] An unknown error occurred. Please consult the log for more details.
[2020-11-17 11:31:46.395] [renderer1] [error] An unknown error occurred. Please consult the log for more details.
[2020-11-17 11:31:54.774] [renderer1] [error] An unknown error occurred. Please consult the log for more details.
[2020-11-17 11:31:58.292] [renderer1] [error] An unknown error occurred. Please consult the log for more details.
[2020-11-17 11:32:44.209] [renderer1] [error] An unknown error occurred. Please consult the log for more details.
[2020-11-17 11:32:59.619] [renderer1] [error] An unknown error occurred. Please consult the log for more details.
[2020-11-17 11:34:06.485] [renderer1] [error] An unknown error occurred. Please consult the log for more details.
[2020-11-17 11:34:14.936] [renderer1] [error] An unknown error occurred. Please consult the log for more details.
[2020-11-17 11:34:18.451] [renderer1] [error] An unknown error occurred. Please consult the log for more details.
[2020-11-17 11:34:35.535] [renderer1] [error] An unknown error occurred. Please consult the log for more details.
[2020-11-17 11:34:41.331] [renderer1] [error] An unknown error occurred. Please consult the log for more details.
[2020-11-17 11:34:41.367] [renderer1] [warning] {}
[2020-11-17 11:36:22.853] [renderer1] [error] An unknown error occurred. Please consult the log for more details.
[2020-11-17 11:36:23.168] [renderer1] [warning] {}
[2020-11-17 11:37:12.567] [renderer1] [error] An unknown error occurred. Please consult the log for more details.
[2020-11-17 11:37:58.715] [renderer1] [error] An unknown error occurred. Please consult the log for more details.
[2020-11-17 11:38:12.101] [renderer1] [error] An unknown error occurred. Please consult the log for more details.
[2020-11-17 11:38:17.649] [renderer1] [error] An unknown error occurred. Please consult the log for more details.
[2020-11-17 11:38:22.802] [renderer1] [error] An unknown error occurred. Please consult the log for more details.
[2020-11-17 11:38:25.339] [renderer1] [warning] {}
[2020-11-17 11:38:43.603] [renderer1] [error] An unknown error occurred. Please consult the log for more details.
[2020-11-17 11:38:48.552] [renderer1] [error] An unknown error occurred. Please consult the log for more details.
[2020-11-17 11:39:09.851] [renderer1] [error] An unknown error occurred. Please consult the log for more details.
[2020-11-17 11:39:13.529] [renderer1] [warning] {}
[2020-11-17 11:43:11.983] [renderer1] [error] An unknown error occurred. Please consult the log for more details.
[2020-11-17 11:43:27.838] [renderer1] [warning] {}
[2020-11-17 11:43:32.844] [renderer1] [error] An unknown error occurred. Please consult the log for more details.
[2020-11-17 11:44:14.857] [renderer1] [error] An unknown error occurred. Please consult the log for more details.
[2020-11-17 11:44:16.073] [renderer1] [error] An unknown error occurred. Please consult the log for more details.
[2020-11-17 11:44:18.300] [renderer1] [error] An unknown error occurred. Please consult the log for more details.
[2020-11-17 11:44:28.059] [renderer1] [error] An unknown error occurred. Please consult the log for more details.
[2020-11-17 11:44:38.459] [renderer1] [warning] {}
[2020-11-17 11:47:59.520] [renderer1] [error] An unknown error occurred. Please consult the log for more details.
[2020-11-17 11:48:03.890] [renderer1] [warning] {}
[2020-11-17 12:21:23.301] [renderer1] [warning] {}
[2020-11-17 12:21:28.114] [renderer1] [warning] {}
[2020-11-17 12:25:36.836] [renderer1] [error] An unknown error occurred. Please consult the log for more details.
[2020-11-17 12:26:25.676] [renderer1] [warning] {}
[2020-11-17 12:26:48.981] [renderer1] [error] An unknown error occurred. Please consult the log for more details.
[2020-11-17 12:27:22.759] [renderer1] [error] An unknown error occurred. Please consult the log for more details.
[2020-11-17 12:27:33.658] [renderer1] [warning] {}
[2020-11-17 12:27:57.795] [renderer1] [warning] {}
[2020-11-17 12:28:41.158] [renderer1] [error] An unknown error occurred. Please consult the log for more details.
[2020-11-17 12:29:33.696] [renderer1] [error] An unknown error occurred. Please consult the log for more details.
[2020-11-17 21:04:01.298] [renderer1] [warning] {}
[2020-11-17 21:04:08.172] [renderer1] [error] An unknown error occurred. Please consult the log for more details.
[2020-11-17 21:16:58.536] [renderer1] [error] An unknown error occurred. Please consult the log for more details.
[2020-11-17 21:17:03.057] [renderer1] [warning] {}
[2020-11-17 21:17:04.838] [renderer1] [error] An unknown error occurred. Please consult the log for more details.
[2020-11-17 21:18:11.397] [renderer1] [error] An unknown error occurred. Please consult the log for more details.
[2020-11-17 21:18:50.230] [renderer1] [warning] {}
[2020-11-17 21:21:45.895] [renderer1] [warning] {}
[2020-11-17 21:21:49.246] [renderer1] [error] An unknown error occurred. Please consult the log for more details.
[2020-11-17 21:22:26.071] [renderer1] [warning] {}
[2020-11-17 21:22:29.583] [renderer1] [error] An unknown error occurred. Please consult the log for more details.
[2020-11-17 21:24:05.138] [renderer1] [error] An unknown error occurred. Please consult the log for more details.
[2020-11-17 21:24:07.757] [renderer1] [warning] {}
[2020-11-17 21:25:04.547] [renderer1] [error] Unable to step next. Operation failed with error code 0x80004004.: Error: Unable to step next. Operation failed with error code 0x80004004.
    at t.RawDebugSession.handleErrorResponse (file:///usr/share/code/resources/app/out/vs/workbench/workbench.desktop.main.js:3339:734)
    at file:///usr/share/code/resources/app/out/vs/workbench/workbench.desktop.main.js:3339:39
    at async t.RawDebugSession.next (file:///usr/share/code/resources/app/out/vs/workbench/workbench.desktop.main.js:3333:9)
    at async N.next (file:///usr/share/code/resources/app/out/vs/workbench/workbench.desktop.main.js:6204:590)
    at async x (file:///usr/share/code/resources/app/out/vs/workbench/workbench.desktop.main.js:7101:561)
[2020-11-17 21:26:57.136] [renderer1] [error] An unknown error occurred. Please consult the log for more details.
[2020-11-17 21:27:05.109] [renderer1] [error] An unknown error occurred. Please consult the log for more details.
[2020-11-17 21:27:08.446] [renderer1] [error] An unknown error occurred. Please consult the log for more details.
[2020-11-17 21:27:16.896] [renderer1] [warning] {}
[2020-11-17 21:28:13.124] [renderer1] [error] Unable to step next. Operation failed with error code 0x80004004.: Error: Unable to step next. Operation failed with error code 0x80004004.
    at t.RawDebugSession.handleErrorResponse (file:///usr/share/code/resources/app/out/vs/workbench/workbench.desktop.main.js:3339:734)
    at file:///usr/share/code/resources/app/out/vs/workbench/workbench.desktop.main.js:3339:39
    at async t.RawDebugSession.next (file:///usr/share/code/resources/app/out/vs/workbench/workbench.desktop.main.js:3333:9)
    at async N.next (file:///usr/share/code/resources/app/out/vs/workbench/workbench.desktop.main.js:6204:590)
    at async x (file:///usr/share/code/resources/app/out/vs/workbench/workbench.desktop.main.js:7101:561)
[2020-11-17 21:28:14.481] [renderer1] [error] Unable to step next. Operation failed with error code 0x80004004.: Error: Unable to step next. Operation failed with error code 0x80004004.
    at t.RawDebugSession.handleErrorResponse (file:///usr/share/code/resources/app/out/vs/workbench/workbench.desktop.main.js:3339:734)
    at file:///usr/share/code/resources/app/out/vs/workbench/workbench.desktop.main.js:3339:39
    at async t.RawDebugSession.next (file:///usr/share/code/resources/app/out/vs/workbench/workbench.desktop.main.js:3333:9)
    at async N.next (file:///usr/share/code/resources/app/out/vs/workbench/workbench.desktop.main.js:6204:590)
    at async x (file:///usr/share/code/resources/app/out/vs/workbench/workbench.desktop.main.js:7101:561)
[2020-11-17 21:28:53.182] [renderer1] [error] An unknown error occurred. Please consult the log for more details.
[2020-11-17 21:29:16.187] [renderer1] [error] An unknown error occurred. Please consult the log for more details.
[2020-11-17 21:29:37.459] [renderer1] [error] An unknown error occurred. Please consult the log for more details.
[2020-11-17 21:29:41.400] [renderer1] [warning] {}
[2020-11-17 21:30:07.386] [renderer1] [warning] {}
[2020-11-17 21:31:45.842] [renderer1] [error] An unknown error occurred. Please consult the log for more details.
[2020-11-17 21:32:00.811] [renderer1] [warning] {}
[2020-11-17 21:35:14.120] [renderer1] [warning] {}
[2020-11-17 21:35:17.482] [renderer1] [error] An unknown error occurred. Please consult the log for more details.
[2020-11-17 21:36:56.871] [renderer1] [warning] {}
[2020-11-17 21:38:38.214] [renderer1] [warning] {}
[2020-11-17 21:41:49.467] [renderer1] [error] An unknown error occurred. Please consult the log for more details.
[2020-11-17 21:42:09.727] [renderer1] [error] An unknown error occurred. Please consult the log for more details.
[2020-11-17 21:42:20.749] [renderer1] [error] An unknown error occurred. Please consult the log for more details.
[2020-11-17 21:42:30.634] [renderer1] [error] An unknown error occurred. Please consult the log for more details.
[2020-11-17 21:42:37.380] [renderer1] [warning] {}
[2020-11-17 21:42:38.098] [renderer1] [error] An unknown error occurred. Please consult the log for more details.
[2020-11-17 21:45:32.843] [renderer1] [error] An unknown error occurred. Please consult the log for more details.
[2020-11-17 21:45:35.977] [renderer1] [warning] {}
[2020-11-17 21:45:42.032] [renderer1] [error] An unknown error occurred. Please consult the log for more details.
[2020-11-17 21:47:22.752] [renderer1] [error] An unknown error occurred. Please consult the log for more details.
[2020-11-17 21:47:24.013] [renderer1] [warning] {}
[2020-11-17 21:49:07.890] [renderer1] [error] An unknown error occurred. Please consult the log for more details.
[2020-11-17 21:49:14.814] [renderer1] [error] An unknown error occurred. Please consult the log for more details.
[2020-11-17 21:49:23.693] [renderer1] [warning] {}
[2020-11-17 21:54:53.264] [renderer1] [warning] {}
[2020-11-17 21:56:12.363] [renderer1] [warning] {}
