Looking for git in: git
Using git 2.17.1 from git
> git rev-parse --git-dir
Open repository: /home/asd/c_sniff
> git fetch
> git status -z -u
> git symbolic-ref --short HEAD
> git rev-parse master
> git rev-parse --symbolic-full-name master@{u}
> git rev-list --left-right master...refs/remotes/origin/master
> git for-each-ref --sort -committerdate --format %(refname) %(objectname)
> git remote --verbose
> git config --get commit.template
> git show --textconv :wifisniffer.c
> git ls-files --stage -- /home/asd/c_sniff/wifisniffer.c
> git cat-file -s 226c94c11e2c950eeaa6fd7cbcc408994d10f8c0
Missing or invalid credentials.
Skip silent fetch commands
Missing or invalid credentials.
Skip silent fetch commands
remote: HTTP Basic: Access denied
fatal: Authentication failed for 'https://gitlab.com/asdjah/c_sniff.git/'
> git check-ignore -v -z --stdin
> git ls-files --stage -- /home/asd/c_sniff/wifisniffer.c
> git cat-file -s 226c94c11e2c950eeaa6fd7cbcc408994d10f8c0
> git show --textconv :wifisniffer.c
> git status -z -u
> git symbolic-ref --short HEAD
> git rev-parse master
> git rev-parse --symbolic-full-name master@{u}
> git rev-list --left-right master...refs/remotes/origin/master
> git for-each-ref --sort -committerdate --format %(refname) %(objectname)
> git remote --verbose
> git config --get commit.template
> git fetch
> git check-ignore -v -z --stdin
Missing or invalid credentials.
Skip silent fetch commands
Missing or invalid credentials.
Skip silent fetch commands
remote: HTTP Basic: Access denied
fatal: Authentication failed for 'https://gitlab.com/asdjah/c_sniff.git/'
> git ls-files --stage -- /home/asd/c_sniff/wifisniffer.c
> git cat-file -s 226c94c11e2c950eeaa6fd7cbcc408994d10f8c0
> git show --textconv :wifisniffer.c
> git check-ignore -v -z --stdin
> git status -z -u
> git symbolic-ref --short HEAD
> git rev-parse master
> git rev-parse --symbolic-full-name master@{u}
> git rev-list --left-right master...refs/remotes/origin/master
> git for-each-ref --sort -committerdate --format %(refname) %(objectname)
> git remote --verbose
> git config --get commit.template
> git show --textconv HEAD:wifisniffer.c
> git ls-tree -l HEAD -- /home/asd/c_sniff/wifisniffer.c
> git status -z -u
> git symbolic-ref --short HEAD
> git rev-parse master
> git rev-parse --symbolic-full-name master@{u}
> git rev-list --left-right master...refs/remotes/origin/master
> git for-each-ref --sort -committerdate --format %(refname) %(objectname)
> git remote --verbose
> git config --get commit.template
> git check-ignore -v -z --stdin
> git show --textconv :wifisniffer.c
> git ls-files --stage -- /home/asd/c_sniff/wifisniffer.c
> git cat-file -s 226c94c11e2c950eeaa6fd7cbcc408994d10f8c0
> git checkout -q -- /home/asd/c_sniff/oui_vendor
> git status -z -u
> git symbolic-ref --short HEAD
> git rev-parse master
> git rev-parse --symbolic-full-name master@{u}
> git rev-list --left-right master...refs/remotes/origin/master
> git for-each-ref --sort -committerdate --format %(refname) %(objectname)
> git remote --verbose
> git config --get commit.template
> git ls-files --stage -- /home/asd/c_sniff/wifisniffer.c
> git cat-file -s 226c94c11e2c950eeaa6fd7cbcc408994d10f8c0
> git show --textconv :wifisniffer.c
> git status -z -u
> git symbolic-ref --short HEAD
> git rev-parse master
> git rev-parse --symbolic-full-name master@{u}
> git rev-list --left-right master...refs/remotes/origin/master
> git for-each-ref --sort -committerdate --format %(refname) %(objectname)
> git remote --verbose
> git config --get commit.template
> git show --textconv HEAD:~/.vscode-root/Network Persistent State
> git ls-tree -l HEAD -- /home/asd/c_sniff/~/.vscode-root/Network Persistent State
> git check-ignore -v -z --stdin
> git check-ignore -v -z --stdin
> git check-ignore -v -z --stdin
> git ls-tree -l HEAD -- /home/asd/c_sniff/~/.vscode-root/Network Persistent State
> git log --format=%H%n%aN%n%aE%n%at%n%ct%n%P%n%B -z -n21 -- /home/asd/c_sniff/~/.vscode-root/Network Persistent State
> git show --textconv :wifisniffer.c
> git ls-files --stage -- /home/asd/c_sniff/wifisniffer.c
> git cat-file -s 226c94c11e2c950eeaa6fd7cbcc408994d10f8c0
> git log --format=%H%n%aN%n%aE%n%at%n%ct%n%P%n%B -z -n21 -- /home/asd/c_sniff/wifisniffer.c
> git status -z -u
> git symbolic-ref --short HEAD
> git rev-parse master
> git rev-parse --symbolic-full-name master@{u}
> git rev-list --left-right master...refs/remotes/origin/master
> git for-each-ref --sort -committerdate --format %(refname) %(objectname)
> git remote --verbose
> git config --get commit.template
> git status -z -u
> git symbolic-ref --short HEAD
> git rev-parse master
> git rev-parse --symbolic-full-name master@{u}
> git rev-list --left-right master...refs/remotes/origin/master
> git for-each-ref --sort -committerdate --format %(refname) %(objectname)
> git remote --verbose
> git config --get commit.template
> git status -z -u
> git symbolic-ref --short HEAD
> git rev-parse master
> git rev-parse --symbolic-full-name master@{u}
> git rev-list --left-right master...refs/remotes/origin/master
> git for-each-ref --sort -committerdate --format %(refname) %(objectname)
> git remote --verbose
> git config --get commit.template
